*********************************************************************
* LD Score Regression (LDSC)
* Version 1.0.1
* (C) 2014-2019 Brendan Bulik-Sullivan and Hilary Finucane
* Broad Institute of MIT and Harvard / MIT Department of Mathematics
* GNU General Public License v3
*********************************************************************
Call: 
./ldsc.py \
--h2 sumstats/eas.SBP.sumstats.gz \
--ref-ld-chr Full_MELD_/R2_0.38/MELD.win_100.@ \
--out EAS.SBP \
--w-ld-chr Full_LD_/R2_0.38/LD.win_100.@ \
--print-coefficients  

Beginning analysis at Tue Jun 14 13:43:10 2022
Reading summary statistics from sumstats/eas.SBP.sumstats.gz ...
Read summary statistics for 4924561 SNPs.
Reading reference panel LD Score from Full_MELD_/R2_0.38/MELD.win_100.[1-22] ... (ldscore_fromlist)
Read reference panel LD Scores for 1164666 SNPs.
Removing partitioned LD Scores with zero variance.
Reading regression weight LD Score from Full_LD_/R2_0.38/LD.win_100.[1-22] ... (ldscore_fromlist)
Read regression weight LD Scores for 1164666 SNPs.
After merging with reference panel LD, 408009 SNPs remain.
After merging with regression SNP LD, 408009 SNPs remain.
Removed 1 SNPs with chi^2 > 136.597 (408008 SNPs remain)
Total Observed scale h2: 0.0458 (0.0064)
Categories: l2R2_0.38_0 meldR2_0.38_0
Observed scale h2: 0.0477 -0.0019
Observed scale h2 SE: 0.0055 0.0032
Proportion of SNPs: 0.5 0.5
Proportion of h2g: 1.0408 -0.0408
Enrichment: 2.0815 -0.0815
Coefficients: 1.9532e-07 -7.6511e-09
Coefficient SE: 2.2430e-08 1.3058e-08
Lambda GC: 1.1333
Mean Chi^2: 1.176
Intercept: 1.0848 (0.0104)
Ratio: 0.4817 (0.0594)
Analysis finished at Tue Jun 14 13:43:26 2022
Total time elapsed: 15.26s
