*********************************************************************
* LD Score Regression (LDSC)
* Version 1.0.1
* (C) 2014-2019 Brendan Bulik-Sullivan and Hilary Finucane
* Broad Institute of MIT and Harvard / MIT Department of Mathematics
* GNU General Public License v3
*********************************************************************
Call: 
./ldsc.py \
--h2 sumstats/eas.RBC.sumstats.gz \
--ref-ld-chr Full_MELD_/R2_0.39/MELD.win_100.@ \
--out EAS.RBC \
--w-ld-chr Full_LD_/R2_0.39/LD.win_100.@ \
--print-coefficients  

Beginning analysis at Tue Jun 14 13:42:54 2022
Reading summary statistics from sumstats/eas.RBC.sumstats.gz ...
Read summary statistics for 4924561 SNPs.
Reading reference panel LD Score from Full_MELD_/R2_0.39/MELD.win_100.[1-22] ... (ldscore_fromlist)
Read reference panel LD Scores for 1164666 SNPs.
Removing partitioned LD Scores with zero variance.
Reading regression weight LD Score from Full_LD_/R2_0.39/LD.win_100.[1-22] ... (ldscore_fromlist)
Read regression weight LD Scores for 1164666 SNPs.
After merging with reference panel LD, 408009 SNPs remain.
After merging with regression SNP LD, 408009 SNPs remain.
Removed 23 SNPs with chi^2 > 108.794 (407986 SNPs remain)
Total Observed scale h2: 0.058 (0.0095)
Categories: l2R2_0.39_0 meldR2_0.39_0
Observed scale h2: 0.0567 0.0013
Observed scale h2 SE: 0.0089 0.0032
Proportion of SNPs: 0.5 0.5
Proportion of h2g: 0.9777 0.0223
Enrichment: 1.9553 0.0447
Coefficients: 2.2967e-07 5.2459e-09
Coefficient SE: 3.5837e-08 1.2989e-08
Lambda GC: 1.1301
Mean Chi^2: 1.1987
Intercept: 1.1034 (0.0138)
Ratio: 0.5206 (0.0693)
Analysis finished at Tue Jun 14 13:43:10 2022
Total time elapsed: 15.97s
