*********************************************************************
* LD Score Regression (LDSC)
* Version 1.0.1
* (C) 2014-2019 Brendan Bulik-Sullivan and Hilary Finucane
* Broad Institute of MIT and Harvard / MIT Department of Mathematics
* GNU General Public License v3
*********************************************************************
Call: 
./ldsc.py \
--h2 sumstats/eas.Height.sumstats.gz \
--ref-ld-chr Full_MELD_/R2_0.45/MELD.win_100.@ \
--out EAS.Height \
--w-ld-chr Full_LD_/R2_0.45/LD.win_100.@ \
--print-coefficients  

Beginning analysis at Tue Jun 14 13:42:13 2022
Reading summary statistics from sumstats/eas.Height.sumstats.gz ...
Read summary statistics for 5265782 SNPs.
Reading reference panel LD Score from Full_MELD_/R2_0.45/MELD.win_100.[1-22] ... (ldscore_fromlist)
Read reference panel LD Scores for 1164666 SNPs.
Removing partitioned LD Scores with zero variance.
Reading regression weight LD Score from Full_LD_/R2_0.45/LD.win_100.[1-22] ... (ldscore_fromlist)
Read regression weight LD Scores for 1164666 SNPs.
After merging with reference panel LD, 725375 SNPs remain.
After merging with regression SNP LD, 725375 SNPs remain.
Removed 52 SNPs with chi^2 > 159.095 (725323 SNPs remain)
Total Observed scale h2: 0.2154 (0.0173)
Categories: l2R2_0.45_0 meldR2_0.45_0
Observed scale h2: 0.2246 -0.0092
Observed scale h2 SE: 0.0149 0.0071
Proportion of SNPs: 0.5 0.5
Proportion of h2g: 1.0428 -0.0428
Enrichment: 2.0856 -0.0856
Coefficients: 8.4791e-07 -3.4790e-08
Coefficient SE: 5.6270e-08 2.6978e-08
Lambda GC: 1.4926
Mean Chi^2: 1.8721
Intercept: 1.3738 (0.0252)
Ratio: 0.4286 (0.0289)
Analysis finished at Tue Jun 14 13:42:29 2022
Total time elapsed: 15.74s
