*********************************************************************
* LD Score Regression (LDSC)
* Version 1.0.1
* (C) 2014-2019 Brendan Bulik-Sullivan and Hilary Finucane
* Broad Institute of MIT and Harvard / MIT Department of Mathematics
* GNU General Public License v3
*********************************************************************
Call: 
./ldsc.py \
--h2 sumstats/eas.DBP.sumstats.gz \
--ref-ld-chr Full_MELD_/R2_0.39/MELD.win_100.@ \
--out EAS.DBP \
--w-ld-chr Full_LD_/R2_0.39/LD.win_100.@ \
--print-coefficients  

Beginning analysis at Tue Jun 14 13:43:02 2022
Reading summary statistics from sumstats/eas.DBP.sumstats.gz ...
Read summary statistics for 4924561 SNPs.
Reading reference panel LD Score from Full_MELD_/R2_0.39/MELD.win_100.[1-22] ... (ldscore_fromlist)
Read reference panel LD Scores for 1164666 SNPs.
Removing partitioned LD Scores with zero variance.
Reading regression weight LD Score from Full_LD_/R2_0.39/LD.win_100.[1-22] ... (ldscore_fromlist)
Read regression weight LD Scores for 1164666 SNPs.
After merging with reference panel LD, 408009 SNPs remain.
After merging with regression SNP LD, 408009 SNPs remain.
Removed 1 SNPs with chi^2 > 136.615 (408008 SNPs remain)
Total Observed scale h2: 0.0373 (0.0058)
Categories: l2R2_0.39_0 meldR2_0.39_0
Observed scale h2: 0.0382 -0.0009
Observed scale h2 SE: 0.0048 0.0026
Proportion of SNPs: 0.5 0.5
Proportion of h2g: 1.0231 -0.0231
Enrichment: 2.0462 -0.0462
Coefficients: 1.5462e-07 -3.4926e-09
Coefficient SE: 1.9630e-08 1.0667e-08
Lambda GC: 1.1113
Mean Chi^2: 1.1414
Intercept: 1.0666 (0.0095)
Ratio: 0.4708 (0.0669)
Analysis finished at Tue Jun 14 13:43:17 2022
Total time elapsed: 15.31s
