*********************************************************************
* LD Score Regression (LDSC)
* Version 1.0.1
* (C) 2014-2019 Brendan Bulik-Sullivan and Hilary Finucane
* Broad Institute of MIT and Harvard / MIT Department of Mathematics
* GNU General Public License v3
*********************************************************************
Call: 
./ldsc.py \
--h2 sumstats/eas.HDL.sumstats.gz \
--ref-ld-chr Full_MELD_/R2_0.41/MELD.win_100.@ \
--out EAS.HDL \
--w-ld-chr Full_LD_/R2_0.41/LD.win_100.@ \
--print-coefficients  

Beginning analysis at Tue Jun 14 13:43:04 2022
Reading summary statistics from sumstats/eas.HDL.sumstats.gz ...
Read summary statistics for 4924560 SNPs.
Reading reference panel LD Score from Full_MELD_/R2_0.41/MELD.win_100.[1-22] ... (ldscore_fromlist)
Read reference panel LD Scores for 1164666 SNPs.
Removing partitioned LD Scores with zero variance.
Reading regression weight LD Score from Full_LD_/R2_0.41/LD.win_100.[1-22] ... (ldscore_fromlist)
Read regression weight LD Scores for 1164666 SNPs.
After merging with reference panel LD, 408009 SNPs remain.
After merging with regression SNP LD, 408009 SNPs remain.
Removed 94 SNPs with chi^2 > 80 (407915 SNPs remain)
Total Observed scale h2: 0.0697 (0.0169)
Categories: l2R2_0.41_0 meldR2_0.41_0
Observed scale h2: 0.0685 0.0013
Observed scale h2 SE: 0.016  0.0059
Proportion of SNPs: 0.5 0.5
Proportion of h2g: 0.982 0.018
Enrichment: 1.964 0.036
Coefficients: 2.7080e-07 4.9668e-09
Coefficient SE: 6.3471e-08 2.3353e-08
Lambda GC: 1.1082
Mean Chi^2: 1.1684
Intercept: 1.0985 (0.017)
Ratio: 0.5847 (0.1007)
Analysis finished at Tue Jun 14 13:43:19 2022
Total time elapsed: 15.12s
