*********************************************************************
* LD Score Regression (LDSC)
* Version 1.0.1
* (C) 2014-2019 Brendan Bulik-Sullivan and Hilary Finucane
* Broad Institute of MIT and Harvard / MIT Department of Mathematics
* GNU General Public License v3
*********************************************************************
Call: 
./ldsc.py \
--h2 sumstats/eas.Cholesterol.sumstats.gz \
--ref-ld-chr Full_MELD_/R2_0.11/MELD.win_100.@ \
--out EAS.Cholesterol \
--w-ld-chr Full_LD_/R2_0.11/LD.win_100.@ \
--print-coefficients  

Beginning analysis at Tue Jun 14 13:42:49 2022
Reading summary statistics from sumstats/eas.Cholesterol.sumstats.gz ...
Read summary statistics for 4924561 SNPs.
Reading reference panel LD Score from Full_MELD_/R2_0.11/MELD.win_100.[1-22] ... (ldscore_fromlist)
Read reference panel LD Scores for 1164666 SNPs.
Removing partitioned LD Scores with zero variance.
Reading regression weight LD Score from Full_LD_/R2_0.11/LD.win_100.[1-22] ... (ldscore_fromlist)
Read regression weight LD Scores for 1164666 SNPs.
After merging with reference panel LD, 408009 SNPs remain.
After merging with regression SNP LD, 408009 SNPs remain.
Removed 13 SNPs with chi^2 > 128.305 (407996 SNPs remain)
Total Observed scale h2: 0.0396 (0.0076)
Categories: l2R2_0.11_0 meldR2_0.11_0
Observed scale h2: 0.0366 0.0031
Observed scale h2 SE: 0.0072 0.0028
Proportion of SNPs: 0.5 0.5
Proportion of h2g: 0.9222 0.0778
Enrichment: 1.8444 0.1556
Coefficients: 2.0285e-07 1.7115e-08
Coefficient SE: 3.9973e-08 1.5269e-08
Lambda GC: 1.0833
Mean Chi^2: 1.138
Intercept: 1.0653 (0.0144)
Ratio: 0.4734 (0.1043)
Analysis finished at Tue Jun 14 13:43:06 2022
Total time elapsed: 16.38s
