*********************************************************************
* LD Score Regression (LDSC)
* Version 1.0.1
* (C) 2014-2019 Brendan Bulik-Sullivan and Hilary Finucane
* Broad Institute of MIT and Harvard / MIT Department of Mathematics
* GNU General Public License v3
*********************************************************************
Call: 
./ldsc.py \
--h2 sumstats/eas.Hematocrit.sumstats.gz \
--ref-ld-chr Full_MELD_/R2_0.37/MELD.win_100.@ \
--out EAS.Hematocrit \
--w-ld-chr Full_LD_/R2_0.37/LD.win_100.@ \
--print-coefficients  

Beginning analysis at Tue Jun 14 13:44:52 2022
Reading summary statistics from sumstats/eas.Hematocrit.sumstats.gz ...
Read summary statistics for 4924561 SNPs.
Reading reference panel LD Score from Full_MELD_/R2_0.37/MELD.win_100.[1-22] ... (ldscore_fromlist)
Read reference panel LD Scores for 1164666 SNPs.
Removing partitioned LD Scores with zero variance.
Reading regression weight LD Score from Full_LD_/R2_0.37/LD.win_100.[1-22] ... (ldscore_fromlist)
Read regression weight LD Scores for 1164666 SNPs.
After merging with reference panel LD, 408009 SNPs remain.
After merging with regression SNP LD, 408009 SNPs remain.
Removed 4 SNPs with chi^2 > 108.757 (408005 SNPs remain)
Total Observed scale h2: 0.0337 (0.0071)
Categories: l2R2_0.37_0 meldR2_0.37_0
Observed scale h2: 0.0346 -0.0009
Observed scale h2 SE: 0.0059 0.0035
Proportion of SNPs: 0.5 0.5
Proportion of h2g: 1.0263 -0.0263
Enrichment: 2.0526 -0.0526
Coefficients: 1.4336e-07 -3.6722e-09
Coefficient SE: 2.4439e-08 1.4376e-08
Lambda GC: 1.105
Mean Chi^2: 1.132
Intercept: 1.0779 (0.01)
Ratio: 0.5903 (0.0754)
Analysis finished at Tue Jun 14 13:45:07 2022
Total time elapsed: 14.91s
