*********************************************************************
* LD Score Regression (LDSC)
* Version 1.0.1
* (C) 2014-2019 Brendan Bulik-Sullivan and Hilary Finucane
* Broad Institute of MIT and Harvard / MIT Department of Mathematics
* GNU General Public License v3
*********************************************************************
Call: 
./ldsc.py \
--h2 sumstats/eas.CRP.sumstats.gz \
--ref-ld-chr Full_MELD_/R2_0.39/MELD.win_100.@ \
--out EAS.CRP \
--w-ld-chr Full_LD_/R2_0.39/LD.win_100.@ \
--print-coefficients  

Beginning analysis at Tue Jun 14 13:42:58 2022
Reading summary statistics from sumstats/eas.CRP.sumstats.gz ...
Read summary statistics for 4924561 SNPs.
Reading reference panel LD Score from Full_MELD_/R2_0.39/MELD.win_100.[1-22] ... (ldscore_fromlist)
Read reference panel LD Scores for 1164666 SNPs.
Removing partitioned LD Scores with zero variance.
Reading regression weight LD Score from Full_LD_/R2_0.39/LD.win_100.[1-22] ... (ldscore_fromlist)
Read regression weight LD Scores for 1164666 SNPs.
After merging with reference panel LD, 408009 SNPs remain.
After merging with regression SNP LD, 408009 SNPs remain.
Removed 4 SNPs with chi^2 > 80 (408005 SNPs remain)
Total Observed scale h2: 0.0256 (0.0079)
Categories: l2R2_0.39_0 meldR2_0.39_0
Observed scale h2: 0.0261 -0.0004
Observed scale h2 SE: 0.0063 0.0047
Proportion of SNPs: 0.5 0.5
Proportion of h2g: 1.0165 -0.0165
Enrichment: 2.033 -0.033
Coefficients: 1.0549e-07 -1.7144e-09
Coefficient SE: 2.5376e-08 1.8886e-08
Lambda GC: 1.1876
Mean Chi^2: 1.1854
Intercept: 1.1565 (0.0093)
Ratio: 0.844 (0.0504)
Analysis finished at Tue Jun 14 13:43:13 2022
Total time elapsed: 15.28s
