*********************************************************************
* LD Score Regression (LDSC)
* Version 1.0.1
* (C) 2014-2019 Brendan Bulik-Sullivan and Hilary Finucane
* Broad Institute of MIT and Harvard / MIT Department of Mathematics
* GNU General Public License v3
*********************************************************************
Call: 
./ldsc.py \
--h2 sumstats/eas.Hemoglobin.sumstats.gz \
--ref-ld-chr Full_MELD_/R2_0.37/MELD.win_100.@ \
--out EAS.Hemoglobin \
--w-ld-chr Full_LD_/R2_0.37/LD.win_100.@ \
--print-coefficients  

Beginning analysis at Tue Jun 14 13:43:01 2022
Reading summary statistics from sumstats/eas.Hemoglobin.sumstats.gz ...
Read summary statistics for 4924561 SNPs.
Reading reference panel LD Score from Full_MELD_/R2_0.37/MELD.win_100.[1-22] ... (ldscore_fromlist)
Read reference panel LD Scores for 1164666 SNPs.
Removing partitioned LD Scores with zero variance.
Reading regression weight LD Score from Full_LD_/R2_0.37/LD.win_100.[1-22] ... (ldscore_fromlist)
Read regression weight LD Scores for 1164666 SNPs.
After merging with reference panel LD, 408009 SNPs remain.
After merging with regression SNP LD, 408009 SNPs remain.
Removed 4 SNPs with chi^2 > 108.769 (408005 SNPs remain)
Total Observed scale h2: 0.0342 (0.0073)
Categories: l2R2_0.37_0 meldR2_0.37_0
Observed scale h2: 0.0337 0.0005
Observed scale h2 SE: 0.006  0.0036
Proportion of SNPs: 0.5 0.5
Proportion of h2g: 0.9846 0.0154
Enrichment: 1.9692 0.0308
Coefficients: 1.3959e-07 2.1806e-09
Coefficient SE: 2.5059e-08 1.4859e-08
Lambda GC: 1.0957
Mean Chi^2: 1.1252
Intercept: 1.0696 (0.0098)
Ratio: 0.5563 (0.0783)
Analysis finished at Tue Jun 14 13:43:16 2022
Total time elapsed: 15.19s
