*********************************************************************
* LD Score Regression (LDSC)
* Version 1.0.1
* (C) 2014-2019 Brendan Bulik-Sullivan and Hilary Finucane
* Broad Institute of MIT and Harvard / MIT Department of Mathematics
* GNU General Public License v3
*********************************************************************
Call: 
./ldsc.py \
--h2 sumstats/eas.LDL.sumstats.gz \
--ref-ld-chr Full_MELD_/R2_0.2/MELD.win_100.@ \
--out EAS.LDL \
--w-ld-chr Full_LD_/R2_0.2/LD.win_100.@ \
--print-coefficients  

Beginning analysis at Tue Jun 14 13:42:48 2022
Reading summary statistics from sumstats/eas.LDL.sumstats.gz ...
Read summary statistics for 4924561 SNPs.
Reading reference panel LD Score from Full_MELD_/R2_0.2/MELD.win_100.[1-22] ... (ldscore_fromlist)
Read reference panel LD Scores for 1164666 SNPs.
Removing partitioned LD Scores with zero variance.
Reading regression weight LD Score from Full_LD_/R2_0.2/LD.win_100.[1-22] ... (ldscore_fromlist)
Read regression weight LD Scores for 1164666 SNPs.
After merging with reference panel LD, 408009 SNPs remain.
After merging with regression SNP LD, 408009 SNPs remain.
Removed 32 SNPs with chi^2 > 80 (407977 SNPs remain)
Total Observed scale h2: 0.0399 (0.0098)
Categories: l2R2_0.2_0 meldR2_0.2_0
Observed scale h2: 0.0346 0.0053
Observed scale h2 SE: 0.0087 0.0046
Proportion of SNPs: 0.5 0.5
Proportion of h2g: 0.8681 0.1319
Enrichment: 1.7361 0.2639
Coefficients: 1.7392e-07 2.6436e-08
Coefficient SE: 4.3900e-08 2.3003e-08
Lambda GC: 1.0588
Mean Chi^2: 1.0894
Intercept: 1.0462 (0.0108)
Ratio: 0.5163 (0.1211)
Analysis finished at Tue Jun 14 13:43:05 2022
Total time elapsed: 17.87s
