*********************************************************************
* LD Score Regression (LDSC)
* Version 1.0.1
* (C) 2014-2019 Brendan Bulik-Sullivan and Hilary Finucane
* Broad Institute of MIT and Harvard / MIT Department of Mathematics
* GNU General Public License v3
*********************************************************************
Call: 
./ldsc.py \
--h2 sumstats/eas.Monocyte.sumstats.gz \
--ref-ld-chr Full_MELD_/R2_0.19/MELD.win_100.@ \
--out EAS.Monocyte \
--w-ld-chr Full_LD_/R2_0.19/LD.win_100.@ \
--print-coefficients  

Beginning analysis at Tue Jun 14 13:43:54 2022
Reading summary statistics from sumstats/eas.Monocyte.sumstats.gz ...
Read summary statistics for 4924561 SNPs.
Reading reference panel LD Score from Full_MELD_/R2_0.19/MELD.win_100.[1-22] ... (ldscore_fromlist)
Read reference panel LD Scores for 1164666 SNPs.
Removing partitioned LD Scores with zero variance.
Reading regression weight LD Score from Full_LD_/R2_0.19/LD.win_100.[1-22] ... (ldscore_fromlist)
Read regression weight LD Scores for 1164666 SNPs.
After merging with reference panel LD, 408009 SNPs remain.
After merging with regression SNP LD, 408009 SNPs remain.
Removed 6 SNPs with chi^2 > 80 (408003 SNPs remain)
Total Observed scale h2: 0.0481 (0.0123)
Categories: l2R2_0.19_0 meldR2_0.19_0
Observed scale h2: 0.0534 -0.0054
Observed scale h2 SE: 0.0105 0.0046
Proportion of SNPs: 0.5 0.5
Proportion of h2g: 1.1119 -0.1119
Enrichment: 2.2238 -0.2238
Coefficients: 2.7142e-07 -2.7314e-08
Coefficient SE: 5.3215e-08 2.3552e-08
Lambda GC: 1.0833
Mean Chi^2: 1.1175
Intercept: 1.0771 (0.0097)
Ratio: 0.6566 (0.0827)
Analysis finished at Tue Jun 14 13:44:09 2022
Total time elapsed: 15.15s
