*********************************************************************
* LD Score Regression (LDSC)
* Version 1.0.1
* (C) 2014-2019 Brendan Bulik-Sullivan and Hilary Finucane
* Broad Institute of MIT and Harvard / MIT Department of Mathematics
* GNU General Public License v3
*********************************************************************
Call: 
./ldsc.py \
--h2 sumstats/eas.Eosinophil.sumstats.gz \
--ref-ld-chr Full_MELD_/R2_0.4/MELD.win_100.@ \
--out EAS.Eosinophil \
--w-ld-chr Full_LD_/R2_0.4/LD.win_100.@ \
--print-coefficients  

Beginning analysis at Tue Jun 14 13:44:22 2022
Reading summary statistics from sumstats/eas.Eosinophil.sumstats.gz ...
Read summary statistics for 4924561 SNPs.
Reading reference panel LD Score from Full_MELD_/R2_0.4/MELD.win_100.[1-22] ... (ldscore_fromlist)
Read reference panel LD Scores for 1164666 SNPs.
Removing partitioned LD Scores with zero variance.
Reading regression weight LD Score from Full_LD_/R2_0.4/LD.win_100.[1-22] ... (ldscore_fromlist)
Read regression weight LD Scores for 1164666 SNPs.
After merging with reference panel LD, 408009 SNPs remain.
After merging with regression SNP LD, 408009 SNPs remain.
Removed 8 SNPs with chi^2 > 80 (408001 SNPs remain)
Total Observed scale h2: 0.0532 (0.0142)
Categories: l2R2_0.4_0 meldR2_0.4_0
Observed scale h2: 0.0499 0.0033
Observed scale h2 SE: 0.0124 0.005
Proportion of SNPs: 0.5 0.5
Proportion of h2g: 0.9378 0.0622
Enrichment: 1.8757 0.1243
Coefficients: 1.9956e-07 1.3226e-08
Coefficient SE: 4.9715e-08 1.9903e-08
Lambda GC: 1.0864
Mean Chi^2: 1.1161
Intercept: 1.0648 (0.0108)
Ratio: 0.5578 (0.0928)
Analysis finished at Tue Jun 14 13:44:37 2022
Total time elapsed: 14.93s
