*********************************************************************
* LD Score Regression (LDSC)
* Version 1.0.1
* (C) 2014-2019 Brendan Bulik-Sullivan and Hilary Finucane
* Broad Institute of MIT and Harvard / MIT Department of Mathematics
* GNU General Public License v3
*********************************************************************
Call: 
./ldsc.py \
--h2 sumstats/eas.Neutrophil.sumstats.gz \
--ref-ld-chr Full_MELD_/R2_0.09/MELD.win_100.@ \
--out EAS.Neutrophil \
--w-ld-chr Full_LD_/R2_0.09/LD.win_100.@ \
--print-coefficients  

Beginning analysis at Tue Jun 14 13:44:07 2022
Reading summary statistics from sumstats/eas.Neutrophil.sumstats.gz ...
Read summary statistics for 4924561 SNPs.
Reading reference panel LD Score from Full_MELD_/R2_0.09/MELD.win_100.[1-22] ... (ldscore_fromlist)
Read reference panel LD Scores for 1164666 SNPs.
Removing partitioned LD Scores with zero variance.
Reading regression weight LD Score from Full_LD_/R2_0.09/LD.win_100.[1-22] ... (ldscore_fromlist)
Read regression weight LD Scores for 1164666 SNPs.
After merging with reference panel LD, 408009 SNPs remain.
After merging with regression SNP LD, 408009 SNPs remain.
Removed 13 SNPs with chi^2 > 80 (407996 SNPs remain)
Total Observed scale h2: 0.0793 (0.013)
Categories: l2R2_0.09_0 meldR2_0.09_0
Observed scale h2: 0.0733 0.006
Observed scale h2 SE: 0.0117 0.0038
Proportion of SNPs: 0.5 0.5
Proportion of h2g: 0.9248 0.0752
Enrichment: 1.8496 0.1504
Coefficients: 4.1582e-07 3.3815e-08
Coefficient SE: 6.6495e-08 2.1815e-08
Lambda GC: 1.0802
Mean Chi^2: 1.1046
Intercept: 1.0319 (0.0106)
Ratio: 0.3054 (0.1011)
Analysis finished at Tue Jun 14 13:44:22 2022
Total time elapsed: 15.12s
